strSD			strLD			strED			strHS			strLTD
Normal
08/06/2005 14:59:44	08/06/2005 14:59:44	08/06/2005 07:44:41	01/01/2000	08/06/2005 14:59:44	ST
08/06/2005 14:59:44	08/06/2005 14:59:45	08/06/2005 07:44:41	01/01/2000 00:01:00	08/06/2005 14:59:45	AF 0/0 day(s)
08/06/2005 14:59:44	08/06/2005 14:59:45	08/06/2005 07:44:41	01/01/2000 00:01:00	08/06/2005 14:59:45	ST
08/06/2005 14:59:44	08/06/2005 15:00:42	08/06/2005 07:44:41	01/01/2000 00:01:00	08/06/2005 15:00:42	AF 0/0 day(s)
2 days ahead
08/06/2005 14:59:44	08/06/2005 15:00:42	08/06/2005 07:44:41	01/01/2000 00:01:00	08/06/2005 15:00:42	ST
08/06/2005 14:59:44	10/06/2005 15:01:44	08/06/2005 07:44:41	01/01/2000 00:01:00	10/06/2005 15:01:44	AF 2/0 day(s)
08/06/2005 14:59:44	10/06/2005 15:01:44	08/06/2005 07:44:41	01/01/2000 00:01:00	10/06/2005 15:01:44	ST
08/06/2005 14:59:44	10/06/2005 15:02:13	08/06/2005 07:44:41	01/01/2000 00:01:00	10/06/2005 15:02:13	AF 2/0 day(s)
back to normal
08/06/2005 14:59:44	10/06/2005 15:02:13	08/06/2005 07:44:41	01/01/2000 00:01:00	10/06/2005 15:02:13	ST
08/06/2005 14:59:44	10/06/2005 15:02:13	08/06/2005 07:44:41	02/01/2000 00:01:00	08/06/2005 15:03:00	AF 0/1 day(s)
08/06/2005 14:59:44	10/06/2005 15:02:13	08/06/2005 07:44:41	02/01/2000 00:01:00	08/06/2005 15:03:00	ST
08/06/2005 14:59:44	10/06/2005 15:02:13	08/06/2005 07:44:41	03/01/2000 00:01:00	08/06/2005 15:03:28	AF 0/2 day(s)
08/06/2005 14:59:44	10/06/2005 15:02:13	08/06/2005 07:44:41	03/01/2000 00:01:00	08/06/2005 15:03:28	ST
08/06/2005 14:59:44	10/06/2005 15:02:13	08/06/2005 07:44:41	06/01/2000 00:01:00	08/06/2005 14:30:42	AF 0/5 day(s)
08/06/2005 14:59:44	10/06/2005 15:02:13	08/06/2005 07:44:41	06/01/2000 00:01:00	08/06/2005 14:30:42	ST
08/06/2005 14:59:44	10/06/2005 15:02:13	08/06/2005 07:44:41	08/01/2000 00:01:00	08/06/2005 14:31:23	AF 0/7 day(s)
08/06/2005 14:59:44	10/06/2005 15:02:13	08/06/2005 07:44:41	08/01/2000 00:01:00	08/06/2005 14:31:23	ST
08/06/2005 14:59:44	31/07/2005 12:50:54	31/07/2005 11:26:49	22/02/2000	31/07/2005 12:50:54	AF 52/52 day(s)
31/07/2005 12:51:51	31/07/2005 12:51:51	31/07/2005 11:26:49	01/01/2000	31/07/2005 12:51:51	ST
31/07/2005 12:51:51	31/07/2005 12:51:51	31/07/2005 11:26:49	01/01/2000 00:01:00	31/07/2005 12:51:51	AF 0/0 day(s)
31/07/2005 12:51:51	31/07/2005 12:51:51	31/07/2005 11:26:49	01/01/2000 00:01:00	31/07/2005 12:51:51	ST
31/07/2005 12:51:51	31/07/2005 12:53:38	31/07/2005 11:26:49	01/01/2000 00:01:00	31/07/2005 12:53:38	AF 0/0 day(s)
31/07/2005 12:51:51	31/07/2005 12:53:38	31/07/2005 11:26:49	01/01/2000 00:01:00	31/07/2005 12:53:38	ST
31/07/2005 12:51:51	31/07/2005 12:55:24	31/07/2005 11:26:49	01/01/2000 00:01:00	31/07/2005 12:55:24	AF 0/0 day(s)
31/07/2005 12:51:51	31/07/2005 12:55:24	31/07/2005 11:26:49	01/01/2000 00:01:00	31/07/2005 12:55:24	ST
31/07/2005 12:51:51	31/07/2005 12:56:04	31/07/2005 11:26:49	01/01/2000 00:01:00	31/07/2005 12:56:04	AF 0/0 day(s)
31/07/2005 12:51:51	31/07/2005 12:56:04	31/07/2005 11:26:49	01/01/2000 00:01:00	31/07/2005 12:56:04	ST
31/07/2005 12:51:51	31/07/2005 13:08:50	31/07/2005 11:26:49	01/01/2000 00:01:00	31/07/2005 13:08:50	AF 0/0 day(s)
31/07/2005 12:51:51	31/07/2005 13:08:50	31/07/2005 11:26:49	01/01/2000 00:01:00	31/07/2005 13:08:50	ST
31/07/2005 12:51:51	31/07/2005 13:12:14	31/07/2005 11:26:49	01/01/2000 00:01:00	31/07/2005 13:12:14	AF 0/0 day(s)
31/07/2005 12:51:51	31/07/2005 13:12:14	31/07/2005 11:26:49	01/01/2000 00:01:00	31/07/2005 13:12:14	ST
31/07/2005 12:51:51	31/07/2005 13:14:22	31/07/2005 11:26:49	01/01/2000 00:01:00	31/07/2005 13:14:22	AF 0/0 day(s)
31/07/2005 12:51:51	31/07/2005 13:14:22	31/07/2005 11:26:49	01/01/2000 00:01:00	31/07/2005 13:14:22	ST
31/07/2005 12:51:51	03/08/2005 07:45:50	03/08/2005 06:48:55	02/01/2000 00:01:00	03/08/2005 07:45:50	AF 2/1 day(s)
31/07/2005 12:51:51	03/08/2005 07:45:50	03/08/2005 06:48:55	02/01/2000 00:01:00	03/08/2005 07:45:50	ST
31/07/2005 12:51:51	03/08/2005 07:46:18	03/08/2005 06:48:55	02/01/2000 00:01:00	03/08/2005 07:46:18	AF 2/1 day(s)
31/07/2005 12:51:51	03/08/2005 07:46:18	03/08/2005 06:48:55	02/01/2000 00:01:00	03/08/2005 07:46:18	ST
31/07/2005 12:51:51	03/08/2005 07:46:44	03/08/2005 06:48:55	02/01/2000 00:01:00	03/08/2005 07:46:44	AF 2/1 day(s)
31/07/2005 12:51:51	03/08/2005 07:46:44	03/08/2005 06:48:55	02/01/2000 00:01:00	03/08/2005 07:46:44	ST
31/07/2005 12:51:51	03/08/2005 07:47:06	03/08/2005 06:48:55	02/01/2000 00:01:00	03/08/2005 07:47:06	AF 2/1 day(s)
31/07/2005 12:51:51	03/08/2005 07:47:06	03/08/2005 06:48:55	02/01/2000 00:01:00	03/08/2005 07:47:06	ST
31/07/2005 12:51:51	03/08/2005 07:47:42	03/08/2005 06:48:55	02/01/2000 00:01:00	03/08/2005 07:47:42	AF 2/1 day(s)
31/07/2005 12:51:51	03/08/2005 07:47:42	03/08/2005 06:48:55	02/01/2000 00:01:00	03/08/2005 07:47:42	ST
31/07/2005 12:51:51	03/08/2005 07:48:41	03/08/2005 06:48:55	02/01/2000 00:01:00	03/08/2005 07:48:41	AF 2/1 day(s)
31/07/2005 12:51:51	03/08/2005 07:48:41	03/08/2005 06:48:55	02/01/2000 00:01:00	03/08/2005 07:48:41	ST
31/07/2005 12:51:51	15/08/2005 07:36:43	15/08/2005 05:56:12	03/01/2000 00:01:00	15/08/2005 07:36:43	AF 14/2 day(s)
31/07/2005 12:51:51	15/08/2005 07:36:43	15/08/2005 05:56:12	03/01/2000 00:01:00	15/08/2005 07:36:43	ST
31/07/2005 12:51:51	15/08/2005 07:36:43	15/08/2005 05:56:12	03/01/2000 00:01:00	15/08/2005 07:36:43	ST
31/07/2005 12:51:51	23/08/2005 17:05:55	23/08/2005 07:49:13	03/01/2000 00:01:00	23/08/2005 17:05:55	AF 23/2 day(s)
31/07/2005 12:51:51	23/08/2005 17:05:55	23/08/2005 07:49:13	03/01/2000 00:01:00	23/08/2005 17:05:55	ST
31/07/2005 12:51:51	23/08/2005 17:05:55	23/08/2005 07:49:13	03/01/2000 00:01:00	23/08/2005 17:05:55	B4
31/07/2005 12:51:51	23/08/2005 17:07:29	23/08/2005 07:49:13	03/01/2000 00:01:00	23/08/2005 17:07:29	AF 23/2 day(s)
31/07/2005 12:51:51	23/08/2005 17:07:29	23/08/2005 07:49:13	03/01/2000 00:01:00	23/08/2005 17:07:29	ST
31/07/2005 12:51:51	23/08/2005 17:07:29	23/08/2005 07:49:13	03/01/2000 00:01:00	23/08/2005 17:07:29	B4
31/07/2005 12:51:51	23/08/2005 17:09:30	23/08/2005 07:49:13	03/01/2000 00:01:00	23/08/2005 17:09:30	AF 23/2 day(s)
31/07/2005 12:51:51	23/08/2005 17:09:30	23/08/2005 07:49:13	03/01/2000 00:01:00	23/08/2005 17:09:30	ST
31/07/2005 12:51:51	23/08/2005 17:09:30	23/08/2005 07:49:13	03/01/2000 00:01:00	23/08/2005 17:09:30	B4
31/07/2005 12:51:51	23/08/2005 17:11:26	23/08/2005 07:49:13	03/01/2000 00:01:00	23/08/2005 17:11:26	AF 23/2 day(s)
31/07/2005 12:51:51	23/08/2005 17:11:26	23/08/2005 07:49:13	03/01/2000 00:01:00	23/08/2005 17:11:26	ST
31/07/2005 12:51:51	23/08/2005 17:11:26	23/08/2005 07:49:13	03/01/2000 00:01:00	23/08/2005 17:11:26	B4
31/07/2005 12:51:51	23/08/2005 17:12:52	23/08/2005 07:49:13	03/01/2000 00:01:00	23/08/2005 17:12:52	AF 23/2 day(s)
31/07/2005 12:51:51	23/08/2005 17:12:52	23/08/2005 07:49:13	03/01/2000 00:01:00	23/08/2005 17:12:52	ST
31/07/2005 12:51:51	23/08/2005 17:12:52	23/08/2005 07:49:13	03/01/2000 00:01:00	23/08/2005 17:12:52	B4
31/07/2005 12:51:51	23/08/2005 17:14:35	23/08/2005 07:49:13	03/01/2000 00:01:00	23/08/2005 17:14:35	AF 23/2 day(s)
31/07/2005 12:51:51	23/08/2005 17:14:35	23/08/2005 07:49:13	03/01/2000 00:01:00	23/08/2005 17:14:35	ST
31/07/2005 12:51:51	23/08/2005 17:14:35	23/08/2005 07:49:13	03/01/2000 00:01:00	23/08/2005 17:14:35	B4
31/07/2005 12:51:51	23/08/2005 17:16:03	23/08/2005 07:49:13	03/01/2000 00:01:00	23/08/2005 17:16:03	AF 23/2 day(s)
31/07/2005 12:51:51	23/08/2005 17:16:03	23/08/2005 07:49:13	03/01/2000 00:01:00	23/08/2005 17:16:03	ST
31/07/2005 12:51:51	23/08/2005 17:16:03	23/08/2005 07:49:13	03/01/2000 00:01:00	23/08/2005 17:16:03	B4
31/07/2005 12:51:51	23/08/2005 17:17:49	23/08/2005 07:49:13	03/01/2000 00:01:00	23/08/2005 17:17:49	AF 23/2 day(s)
31/07/2005 12:51:51	23/08/2005 17:17:49	23/08/2005 07:49:13	03/01/2000 00:01:00	23/08/2005 17:17:49	ST
31/07/2005 12:51:51	23/08/2005 17:17:49	23/08/2005 07:49:13	03/01/2000 00:01:00	23/08/2005 17:17:49	B4
31/07/2005 12:51:51	23/08/2005 17:20:38	23/08/2005 07:49:13	03/01/2000 00:01:00	23/08/2005 17:20:38	AF 23/2 day(s)
31/07/2005 12:51:51	23/08/2005 17:20:38	23/08/2005 07:49:13	03/01/2000 00:01:00	23/08/2005 17:20:38	ST
31/07/2005 12:51:51	23/08/2005 17:20:38	23/08/2005 07:49:13	03/01/2000 00:01:00	23/08/2005 17:20:38	B4
31/07/2005 12:51:51	23/08/2005 17:22:15	23/08/2005 07:49:13	03/01/2000 00:01:00	23/08/2005 17:22:15	AF 23/2 day(s)
23/08/2005 19:13:42	23/08/2005 19:13:42	23/08/2005 07:49:13	01/01/2000	23/08/2005 19:13:42	ST
23/08/2005 19:13:42	23/08/2005 19:13:42	23/08/2005 07:49:13	01/01/2000 00:01:00	23/08/2005 19:13:42	AF 0/0 day(s)
23/08/2005 19:13:42	23/08/2005 19:13:42	23/08/2005 07:49:13	01/01/2000 00:01:00	23/08/2005 19:13:42	ST
23/08/2005 19:13:42	23/08/2005 19:13:42	23/08/2005 07:49:13	01/01/2000 00:01:00	23/08/2005 19:13:42	B4
23/08/2005 19:13:42	23/08/2005 19:14:15	23/08/2005 07:49:13	01/01/2000 00:01:00	23/08/2005 19:14:15	AF 0/0 day(s)
8/24/2005 814.26	8/24/2005 814.26	8/24/2005 659.45	12/7/1999	8/24/2005 814.26	ST
8/24/2005 835.21	8/24/2005 835.21	8/24/2005 659.45	12/7/1999	8/24/2005 835.21	ST
8/24/2005 836.54	8/24/2005 836.54	8/24/2005 659.45	12/7/1999	8/24/2005 836.54	ST
8/24/2005 836.54	8/24/2005 836.54	8/24/2005 659.45	12/7/1999	8/24/2005 836.54	ST
8/24/2005 836.54	8/24/2005 836.54	8/24/2005 659.45	12/7/1999	8/24/2005 836.54	ST
2005/08/24 14.56.06	2005/08/24 14.56.06	2005/08/24 13.22.47	1999/12/07 00.00.00	2005/08/24 14.56.06	ST
2005/08/24 14.56.06	2005/08/24 14.56.06	2005/08/24 13.22.47	1999/12/07 00.00.00	2005/08/24 14.56.06	AF 0/-25 day(s)
2005/08/24 14.56.06	2005/08/24 14.56.06	2005/08/24 13.22.47	1999/12/07 00.00.00	2005/08/24 14.56.06	ST
2005/08/24 14.56.06	2005/08/24 14.56.06	2005/08/24 13.22.47	1999/12/07 00.00.00	2005/08/24 14.56.06	B4
2005/08/24 14.56.06	2005/08/24 14.58.02	2005/08/24 13.22.47	1999/12/07 00.00.00	2005/08/24 14.58.02	AF 0/-25 day(s)
2005/08/24 14.58.59	2005/08/24 14.58.59	2005/08/24 13.22.47	1999/12/07 00.00.00	2005/08/24 14.58.59	ST
2005/08/24 14.58.59	2005/08/24 14.58.59	2005/08/24 13.22.47	1999/12/07 00.00.00	2005/08/24 14.58.59	AF 0/-25 day(s)
2005/08/24 15.00.00	2005/08/24 15.00.00	2005/08/24 13.22.47	1999/12/07 00.00.00	2005/08/24 15.00.00	ST
2005/08/24 15.00.00	2005/08/24 15.00.00	2005/08/24 13.22.47	1999/12/07 00.00.00	2005/08/24 15.00.00	AF 0/-25 day(s)
2005/08/24 15.00.00	2005/08/24 15.00.00	2005/08/24 13.22.47	1999/12/07 00.00.00	2005/08/24 15.00.00	ST
2005/08/24 15.00.00	2005/08/24 15.00.00	2005/08/24 13.22.47	1999/12/07 00.00.00	2005/08/24 15.00.00	B4
2005/08/24 15.00.00	2005/08/24 15.02.24	2005/08/24 13.22.47	1999/12/07 00.00.00	2005/08/24 15.02.24	AF 0/-25 day(s)
2005/08/24 15.00.00	2005/08/24 15.02.24	2005/08/24 13.22.47	1999/12/07 00.00.00	2005/08/24 15.02.24	ST
2005/08/24 15.00.00	2005/08/24 15.02.24	2005/08/24 13.22.47	1999/12/07 00.00.00	2005/08/24 15.02.24	B4
2005/08/24 15.00.00	2005/08/24 15.02.44	2005/08/24 13.22.47	1999/12/07 00.00.00	2005/08/24 15.02.44	AF 0/-25 day(s)
2005/08/24 15.00.00	2005/08/24 15.02.44	2005/08/24 13.22.47	1999/12/07 00.00.00	2005/08/24 15.02.44	ST
2005/08/24 15.00.00	2005/08/24 15.02.44	2005/08/24 13.22.47	1999/12/07 00.00.00	2005/08/24 15.02.44	B4
2005/08/24 15.00.00	2005/08/24 15.02.49	2005/08/24 13.22.47	1999/12/07 00.00.00	2005/08/24 15.02.49	AF 0/-25 day(s)
2005/08/24 15.00.00	2005/08/24 15.02.49	2005/08/24 13.22.47	1999/12/07 00.00.00	2005/08/24 15.02.49	ST
2005/08/24 15.00.00	2005/08/24 15.02.49	2005/08/24 13.22.47	1999/12/07 00.00.00	2005/08/24 15.02.49	B4
2005/08/24 15.00.00	2005/08/24 15.03.08	2005/08/24 13.22.47	1999/12/07 00.00.00	2005/08/24 15.03.08	AF 0/-25 day(s)
2005/08/24 15.00.00	2005/08/24 15.03.08	2005/08/24 13.22.47	1999/12/07 00.00.00	2005/08/24 15.03.08	ST
2005/08/24 15.00.00	2005/08/24 15.03.08	2005/08/24 13.22.47	1999/12/07 00.00.00	2005/08/24 15.03.08	B4
2005/08/24 15.00.00	2005/08/26 15.03.19	2005/08/24 13.22.47	1999/12/07 00.00.00	2005/08/26 15.03.19	AF 2/-25 day(s)
2005/08/24 15.00.00	2005/08/26 15.03.19	2005/08/24 13.22.47	1999/12/07 00.00.00	2005/08/26 15.03.19	ST
2005/08/24 15.00.00	2005/08/26 15.03.19	2005/08/24 13.22.47	1999/12/07 00.00.00	2005/08/26 15.03.19	B4
2005/08/24 15.00.00	2005/08/26 15.03.37	2005/08/24 13.22.47	1999/12/07 00.00.00	2005/08/26 15.03.37	AF 2/-25 day(s)
2005/08/24 15.00.00	2005/08/26 15.03.37	2005/08/24 13.22.47	1999/12/07 00.00.00	2005/08/26 15.03.37	ST
2005/08/24 15.00.00	2005/08/26 15.03.37	2005/08/24 13.22.47	1999/12/07 00.00.00	2005/08/26 15.03.37	B4
2005/08/24 15.00.00	2005/08/26 15.03.37	2005/08/24 13.22.47	12/8/1999	2005/08/24 15.03.47	AF 0/-24 day(s)
2005/08/24 15.00.00	2005/08/26 15.03.37	2005/08/24 13.22.47	1999/12/08 00.00.00	2005/08/24 15.03.47	ST
2005/08/24 15.00.00	2005/08/26 15.03.37	2005/08/24 13.22.47	1999/12/08 00.00.00	2005/08/24 15.03.47	B4
2005/08/24 15.00.00	2005/08/26 15.03.37	2005/08/24 13.22.47	12/9/1999	2005/08/24 15.04.11	AF 0/-23 day(s)
2005/08/24 15:00:00	2005/08/26 15:03:37	2005/08/24 13:22:47	1999/12/09 00:00:00	2005/08/24 15:04:11	ST
2005/08/24 15:00:00	2005/08/31 10:04:16	2005/08/31 06:35:30	10/12/1999	2005/08/31 10:04:16	AF 6/-22 day(s)
2005/08/24 15:00:00	2005/08/31 10:04:16	2005/08/31 06:35:30	1999/12/10 00:00:00	2005/08/31 10:04:16	ST
2005/08/24 15:00:00	2005/08/31 10:04:16	2005/08/31 06:35:30	1999/12/10 00:00:00	2005/08/31 10:04:16	B4
2005/08/24 15:00:00	2005/08/31 10:05:30	2005/08/31 06:35:30	1999/12/10 00:00:00	2005/08/31 10:05:30	AF 6/-22 day(s)
2005/08/24 15:00:00	2005/08/31 10:05:30	2005/08/31 06:35:30	1999/12/10 00:00:00	2005/08/31 10:05:30	ST
2005/08/24 15:00:00	2005/08/31 10:05:30	2005/08/31 06:35:30	1999/12/10 00:00:00	2005/08/31 10:05:30	B4
2005/08/24 15:00:00	2005/08/31 10:06:39	2005/08/31 06:35:30	1999/12/10 00:00:00	2005/08/31 10:06:39	AF 6/-22 day(s)
2005/08/24 15:00:00	2005/08/31 10:06:39	2005/08/31 06:35:30	1999/12/10 00:00:00	2005/08/31 10:06:39	ST
2005/08/24 15:00:00	2005/08/31 10:06:39	2005/08/31 06:35:30	1999/12/10 00:00:00	2005/08/31 10:06:39	B4
2005/08/24 15:00:00	2005/08/31 10:07:08	2005/08/31 06:35:30	1999/12/10 00:00:00	2005/08/31 10:07:08	AF 6/-22 day(s)
2005/08/24 15:00:00	2005/08/31 10:07:08	2005/08/31 06:35:30	1999/12/10 00:00:00	2005/08/31 10:07:08	ST
2005/08/24 15:00:00	2005/08/31 10:07:08	2005/08/31 06:35:30	1999/12/10 00:00:00	2005/08/31 10:07:08	B4
2005/08/24 15:00:00	2005/08/31 10:08:27	2005/08/31 06:35:30	1999/12/10 00:00:00	2005/08/31 10:08:27	AF 6/-22 day(s)
2005/08/24 15:00:00	2005/08/31 10:08:27	2005/08/31 06:35:30	1999/12/10 00:00:00	2005/08/31 10:08:27	ST
2005/08/24 15:00:00	2005/08/31 10:08:27	2005/08/31 06:35:30	1999/12/10 00:00:00	2005/08/31 10:08:27	B4
2005/08/24 15:00:00	2005/08/31 10:31:26	2005/08/31 06:35:30	1999/12/10 00:00:00	2005/08/31 10:31:26	AF 6/-22 day(s)
2005/08/24 15:00:00	2005/08/31 10:31:26	2005/08/31 06:35:30	1999/12/10 00:00:00	2005/08/31 10:31:26	ST
2005/08/24 15:00:00	2005/08/31 10:31:26	2005/08/31 06:35:30	1999/12/10 00:00:00	2005/08/31 10:31:26	B4
2005/08/24 15:00:00	2005/08/31 10:32:58	2005/08/31 06:35:30	1999/12/10 00:00:00	2005/08/31 10:32:58	AF 6/-22 day(s)
2005/08/24 15:00:00	2005/08/31 10:32:58	2005/08/31 06:35:30	1999/12/10 00:00:00	2005/08/31 10:32:58	ST
2005/08/24 15:00:00	2005/08/31 10:32:58	2005/08/31 06:35:30	1999/12/10 00:00:00	2005/08/31 10:32:58	B4
2005/08/24 15:00:00	2005/08/31 11:32:07	2005/08/31 06:35:30	1999/12/10 00:00:00	2005/08/31 11:32:07	AF 6/-22 day(s)
2005/08/24 15:00:00	2005/08/31 11:32:07	2005/08/31 06:35:30	1999/12/10 00:00:00	2005/08/31 11:32:07	ST
2005/08/24 15:00:00	2005/08/31 11:32:07	2005/08/31 06:35:30	1999/12/10 00:00:00	2005/08/31 11:32:07	B4
2005/08/24 15:00:00	2005/08/31 11:32:49	2005/08/31 06:35:30	1999/12/10 00:00:00	2005/08/31 11:32:49	AF 6/-22 day(s)
2005/08/24 15:00:00	2005/08/31 11:32:49	2005/08/31 06:35:30	1999/12/10 00:00:00	2005/08/31 11:32:49	ST
2005/08/24 15:00:00	2005/08/31 11:32:49	2005/08/31 06:35:30	1999/12/10 00:00:00	2005/08/31 11:32:49	B4
2005/08/24 15:00:00	2005/08/31 11:33:15	2005/08/31 06:35:30	1999/12/10 00:00:00	2005/08/31 11:33:15	AF 6/-22 day(s)
2005/08/24 15:00:00	2005/08/31 11:33:15	2005/08/31 06:35:30	1999/12/10 00:00:00	2005/08/31 11:33:15	ST
2005/08/24 15:00:00	2005/08/31 11:33:15	2005/08/31 06:35:30	1999/12/10 00:00:00	2005/08/31 11:33:15	B4
2005/08/24 15:00:00	2005/08/31 11:45:28	2005/08/31 06:35:30	1999/12/10 00:00:00	2005/08/31 11:45:28	AF 6/-22 day(s)
2005/08/24 15:00:00	2005/08/31 11:45:28	2005/08/31 06:35:30	1999/12/10 00:00:00	2005/08/31 11:45:28	ST
2005/08/24 15:00:00	2005/08/31 11:45:28	2005/08/31 06:35:30	1999/12/10 00:00:00	2005/08/31 11:45:28	B4
2005/08/24 15:00:00	2005/08/31 13:46:37	2005/08/31 06:35:30	1999/12/10 00:00:00	2005/08/31 13:46:37	AF 6/-22 day(s)
2005/08/24 15:00:00	2005/08/31 13:46:37	2005/08/31 06:35:30	1999/12/10 00:00:00	2005/08/31 13:46:37	ST
2005/08/24 15:00:00	2005/08/31 13:46:37	2005/08/31 06:35:30	1999/12/10 00:00:00	2005/08/31 13:46:37	B4
2005/08/24 15:00:00	2005/08/31 13:53:55	2005/08/31 06:35:30	1999/12/10 00:00:00	2005/08/31 13:53:55	AF 6/-22 day(s)
2005/08/24 15:00:00	2005/08/31 13:53:55	2005/08/31 06:35:30	1999/12/10 00:00:00	2005/08/31 13:53:55	ST
2005/08/24 15:00:00	2005/08/31 13:53:55	2005/08/31 06:35:30	1999/12/10 00:00:00	2005/08/31 13:53:55	B4
2005/08/24 15:00:00	2005/09/01 08:43:18	2005/09/01 06:56:41	1999/12/10 00:00:00	2005/09/01 08:43:18	AF 7/-22 day(s)
2005/08/24 15:00:00	2005/09/01 08:43:18	2005/09/01 06:56:41	1999/12/10 00:00:00	2005/09/01 08:43:18	ST
2005/08/24 15:00:00	2005/09/01 08:43:18	2005/09/01 06:56:41	1999/12/10 00:00:00	2005/09/01 08:43:18	B4
2005/08/24 15:00:00	2005/09/01 08:45:18	2005/09/01 06:56:41	1999/12/10 00:00:00	2005/09/01 08:45:18	AF 7/-22 day(s)
2005/08/24 15:00:00	2005/09/01 08:45:18	2005/09/01 06:56:41	1999/12/10 00:00:00	2005/09/01 08:45:18	ST
2005/08/24 15:00:00	2005/09/01 08:45:18	2005/09/01 06:56:41	1999/12/10 00:00:00	2005/09/01 08:45:18	B4
2005/08/24 15:00:00	2005/09/01 08:46:15	2005/09/01 06:56:41	1999/12/10 00:00:00	2005/09/01 08:46:15	AF 7/-22 day(s)
2005/08/24 15:00:00	2005/09/01 08:46:15	2005/09/01 06:56:41	1999/12/10 00:00:00	2005/09/01 08:46:15	ST
2005/08/24 15:00:00	2005/09/01 08:46:15	2005/09/01 06:56:41	1999/12/10 00:00:00	2005/09/01 08:46:15	B4
2005/08/24 15:00:00	2005/09/01 08:48:49	2005/09/01 06:56:41	1999/12/10 00:00:00	2005/09/01 08:48:49	AF 7/-22 day(s)
2005/08/24 15:00:00	2005/09/01 08:48:49	2005/09/01 06:56:41	1999/12/10 00:00:00	2005/09/01 08:48:49	ST
2005/08/24 15:00:00	2005/09/01 08:48:49	2005/09/01 06:56:41	1999/12/10 00:00:00	2005/09/01 08:48:49	B4
2005/08/24 15:00:00	2005/09/01 08:51:24	2005/09/01 06:56:41	1999/12/10 00:00:00	2005/09/01 08:51:24	AF 7/-22 day(s)
2005/08/24 15:00:00	2005/09/01 08:51:24	2005/09/01 06:56:41	1999/12/10 00:00:00	2005/09/01 08:51:24	ST
2005/08/24 15:00:00	2005/09/01 08:51:24	2005/09/01 06:56:41	1999/12/10 00:00:00	2005/09/01 08:51:24	B4
2005/08/24 15:00:00	2005/09/01 08:52:35	2005/09/01 06:56:41	1999/12/10 00:00:00	2005/09/01 08:52:35	AF 7/-22 day(s)
2005/08/24 15:00:00	2005/09/01 08:52:35	2005/09/01 06:56:41	1999/12/10 00:00:00	2005/09/01 08:52:35	ST
2005/08/24 15:00:00	2005/09/01 08:52:35	2005/09/01 06:56:41	1999/12/10 00:00:00	2005/09/01 08:52:35	B4
2005/08/24 15:00:00	2005/09/01 08:53:35	2005/09/01 06:56:41	1999/12/10 00:00:00	2005/09/01 08:53:35	AF 7/-22 day(s)
2005/08/24 15:00:00	2005/09/01 08:53:35	2005/09/01 06:56:41	1999/12/10 00:00:00	2005/09/01 08:53:35	ST
2005/08/24 15:00:00	2005/09/01 08:53:35	2005/09/01 06:56:41	1999/12/10 00:00:00	2005/09/01 08:53:35	B4
2005/08/24 15:00:00	2005/09/01 08:54:12	2005/09/01 06:56:41	1999/12/10 00:00:00	2005/09/01 08:54:12	AF 7/-22 day(s)
2005/08/24 15:00:00	2005/09/01 08:54:12	2005/09/01 06:56:41	1999/12/10 00:00:00	2005/09/01 08:54:12	ST
2005/08/24 15:00:00	2005/09/01 08:54:12	2005/09/01 06:56:41	1999/12/10 00:00:00	2005/09/01 08:54:12	B4
2005/08/24 15:00:00	2005/09/01 08:55:43	2005/09/01 06:56:41	1999/12/10 00:00:00	2005/09/01 08:55:43	AF 7/-22 day(s)
2005/08/24 15:00:00	2005/09/01 08:55:43	2005/09/01 06:56:41	1999/12/10 00:00:00	2005/09/01 08:55:43	ST
2005/08/24 15:00:00	2005/09/01 08:55:43	2005/09/01 06:56:41	1999/12/10 00:00:00	2005/09/01 08:55:43	B4
2005/08/24 15:00:00	2005/09/01 08:56:28	2005/09/01 06:56:41	1999/12/10 00:00:00	2005/09/01 08:56:28	AF 7/-22 day(s)
2005/08/24 15:00:00	2005/09/01 08:56:28	2005/09/01 06:56:41	1999/12/10 00:00:00	2005/09/01 08:56:28	ST
2005/08/24 15:00:00	2005/09/01 08:56:28	2005/09/01 06:56:41	1999/12/10 00:00:00	2005/09/01 08:56:28	B4
2005/08/24 15:00:00	2005/09/01 08:57:43	2005/09/01 06:56:41	1999/12/10 00:00:00	2005/09/01 08:57:43	AF 7/-22 day(s)
2005/08/24 15:00:00	2005/09/01 08:57:43	2005/09/01 06:56:41	1999/12/10 00:00:00	2005/09/01 08:57:43	ST
2005/08/24 15:00:00	2005/09/01 08:57:43	2005/09/01 06:56:41	1999/12/10 00:00:00	2005/09/01 08:57:43	B4
2005/08/24 15:00:00	2005/09/01 09:09:10	2005/09/01 06:56:41	1999/12/10 00:00:00	2005/09/01 09:09:10	AF 7/-22 day(s)
2005/08/24 15:00:00	2005/09/01 09:09:10	2005/09/01 06:56:41	1999/12/10 00:00:00	2005/09/01 09:09:10	ST
2005/08/24 15:00:00	2005/09/01 09:09:10	2005/09/01 06:56:41	1999/12/10 00:00:00	2005/09/01 09:09:10	B4
2005/08/24 15:00:00	2005/09/01 09:11:02	2005/09/01 06:56:41	1999/12/10 00:00:00	2005/09/01 09:11:02	AF 7/-22 day(s)
2005/08/24 15:00:00	2005/09/01 09:11:02	2005/09/01 06:56:41	1999/12/10 00:00:00	2005/09/01 09:11:02	ST
2005/08/24 15:00:00	2005/09/01 09:11:02	2005/09/01 06:56:41	1999/12/10 00:00:00	2005/09/01 09:11:02	B4
2005/08/24 15:00:00	2005/09/02 08:07:02	2005/09/02 06:54:22	11/12/1999	2005/09/02 08:07:02	AF 8/-21 day(s)
2005/08/24 15:00:00	2005/09/02 08:07:02	2005/09/02 06:54:22	1999/12/11 00:00:00	2005/09/02 08:07:02	ST
2005/08/24 15:00:00	2005/09/02 08:07:02	2005/09/02 06:54:22	1999/12/11 00:00:00	2005/09/02 08:07:02	B4
2005/08/24 15:00:00	2005/09/02 08:07:26	2005/09/02 06:54:22	1999/12/11 00:00:00	2005/09/02 08:07:26	AF 8/-21 day(s)
2005/08/24 15:00:00	2005/09/02 08:07:26	2005/09/02 06:54:22	1999/12/11 00:00:00	2005/09/02 08:07:26	ST
2005/08/24 15:00:00	2005/09/02 08:07:26	2005/09/02 06:54:22	1999/12/11 00:00:00	2005/09/02 08:07:26	B4
2005/04/22 08:30:21	2005/09/02 09:15:56	2005/09/02 06:54:22	13/05/2000	2005/09/02 09:15:56	AF 133/133 day(s)
2005/04/22 08:30:21	2005/09/02 09:15:56	2005/09/02 06:54:22	2000/05/13 00:00:00	2005/09/02 09:15:56	ST
2005/04/22 08:30:21	2005/09/02 09:15:56	2005/09/02 06:54:22	2000/05/13 00:00:00	2005/09/02 09:15:56	B4
2005/04/22 08:30:21	2005/10/25 09:27:26	2005/10/25 06:44:32	05/07/2000	2005/10/25 09:27:26	AF 186/186 day(s)
2005/10/25 09:28:59	2005/10/25 09:28:59	2005/10/25 06:44:32	1999/12/07 00:00:00	2005/10/25 09:28:59	ST
2005/10/25 09:28:59	2005/10/25 09:28:59	2005/10/25 06:44:32	1999/12/07 00:00:00	2005/10/25 09:28:59	AF 0/-25 day(s)
2005/10/25 09:28:59	2005/10/25 09:28:59	2005/10/25 06:44:32	1999/12/07 00:00:00	2005/10/25 09:28:59	ST
2005/10/25 09:28:59	2005/10/25 09:28:59	2005/10/25 06:44:32	1999/12/07 00:00:00	2005/10/25 09:28:59	B4
2005/10/25 09:28:59	2005/10/25 09:29:22	2005/10/25 06:44:32	1999/12/07 00:00:00	2005/10/25 09:29:22	AF 0/-25 day(s)
2005/10/25 09:28:59	2005/10/25 09:29:22	2005/10/25 06:44:32	1999/12/07 00:00:00	2005/10/25 09:29:22	ST
2005/10/25 09:28:59	2005/10/25 09:29:22	2005/10/25 06:44:32	1999/12/07 00:00:00	2005/10/25 09:29:22	B4
2005/10/25 09:28:59	2005/10/25 09:30:27	2005/10/25 06:44:32	1999/12/07 00:00:00	2005/10/25 09:30:27	AF 0/-25 day(s)
2005/10/25 09:28:59	2005/10/25 09:30:27	2005/10/25 06:44:32	1999/12/07 00:00:00	2005/10/25 09:30:27	ST
2005/10/25 09:28:59	2005/10/25 09:30:27	2005/10/25 06:44:32	1999/12/07 00:00:00	2005/10/25 09:30:27	B4
2005/10/25 09:28:59	2005/10/25 09:30:57	2005/10/25 06:44:32	1999/12/07 00:00:00	2005/10/25 09:30:57	AF 0/-25 day(s)
